15:25:25.923 [main] DEBUG org.testng.TestNG - suiteXmlPath: "G:\VikashAutomation\OpenCart05\paralleTesting.xml"
15:25:26.846 [main] INFO  org.testng.internal.Utils - [TestNG] Running:
  G:\VikashAutomation\OpenCart05\paralleTesting.xml

15:28:02.759 [main] DEBUG org.testng.TestNG - suiteXmlPath: "G:\VikashAutomation\OpenCart05\crossBrowser.xml"
15:28:03.652 [main] INFO  org.testng.internal.Utils - [TestNG] Running:
  G:\VikashAutomation\OpenCart05\crossBrowser.xml

15:32:07.656 [main] DEBUG org.testng.TestNG - suiteXmlPath: "G:\VikashAutomation\OpenCart05\crossBrowser.xml"
15:32:08.571 [main] INFO  org.testng.internal.Utils - [TestNG] Running:
  G:\VikashAutomation\OpenCart05\crossBrowser.xml

15:35:05.149 [main] DEBUG org.testng.TestNG - suiteXmlPath: "G:\VikashAutomation\OpenCart05\crossBrowser.xml"
15:35:06.104 [main] INFO  org.testng.internal.Utils - [TestNG] Running:
  G:\VikashAutomation\OpenCart05\crossBrowser.xml

15:36:59.107 [main] DEBUG org.testng.TestNG - suiteXmlPath: "G:\VikashAutomation\OpenCart05\crossBrowser.xml"
15:37:00.058 [main] INFO  org.testng.internal.Utils - [TestNG] Running:
  G:\VikashAutomation\OpenCart05\crossBrowser.xml

15:39:29.160 [main] DEBUG org.testng.TestNG - suiteXmlPath: "G:\VikashAutomation\OpenCart05\master.xml"
15:39:29.965 [main] INFO  org.testng.internal.Utils - [TestNG] Running:
  G:\VikashAutomation\OpenCart05\master.xml

15:41:34.879 [main] DEBUG org.testng.TestNG - suiteXmlPath: "G:\VikashAutomation\OpenCart05\master.xml"
15:41:35.677 [main] INFO  org.testng.internal.Utils - [TestNG] Running:
  G:\VikashAutomation\OpenCart05\master.xml

15:42:35.276 [main] DEBUG org.testng.TestNG - suiteXmlPath: "G:\VikashAutomation\OpenCart05\master.xml"
15:42:36.068 [main] INFO  org.testng.internal.Utils - [TestNG] Running:
  G:\VikashAutomation\OpenCart05\master.xml

15:42:45.965 [main] INFO  testCases.TC_001_AccountRegistrationTest - ****** Starting TC_001_AccountRegistrationTest ****** 
15:42:47.474 [main] INFO  testCases.TC_001_AccountRegistrationTest - Clicked on MyAccount Link 
15:42:48.317 [main] INFO  testCases.TC_001_AccountRegistrationTest - Clicked on Register Link 
15:42:48.334 [main] INFO  testCases.TC_001_AccountRegistrationTest - Providing Customer Details... 
15:42:50.888 [main] INFO  testCases.TC_001_AccountRegistrationTest - Validating expected Message... 
15:42:51.003 [main] INFO  testCases.TC_001_AccountRegistrationTest - ****** Finished TC_001_AccountRegistrationTest ******* 
15:45:25.210 [main] DEBUG org.testng.TestNG - suiteXmlPath: "G:\VikashAutomation\OpenCart05\master.xml"
15:45:26.001 [main] INFO  org.testng.internal.Utils - [TestNG] Running:
  G:\VikashAutomation\OpenCart05\master.xml

15:53:14.863 [main] DEBUG org.testng.TestNG - suiteXmlPath: "G:\VikashAutomation\OpenCart05\master.xml"
15:53:15.711 [main] INFO  org.testng.internal.Utils - [TestNG] Running:
  G:\VikashAutomation\OpenCart05\master.xml

15:53:26.629 [main] INFO  testCases.TC_001_AccountRegistrationTest - ****** Starting TC_001_AccountRegistrationTest ****** 
15:53:28.153 [main] INFO  testCases.TC_001_AccountRegistrationTest - Clicked on MyAccount Link 
15:53:29.018 [main] INFO  testCases.TC_001_AccountRegistrationTest - Clicked on Register Link 
15:53:29.034 [main] INFO  testCases.TC_001_AccountRegistrationTest - Providing Customer Details... 
15:53:31.910 [main] INFO  testCases.TC_001_AccountRegistrationTest - Validating expected Message... 
15:53:32.067 [main] INFO  testCases.TC_001_AccountRegistrationTest - ****** Finished TC_001_AccountRegistrationTest ******* 
15:54:18.090 [main] DEBUG org.testng.TestNG - suiteXmlPath: "G:\VikashAutomation\OpenCart05\crossBrowser.xml"
15:54:19.073 [main] INFO  org.testng.internal.Utils - [TestNG] Running:
  G:\VikashAutomation\OpenCart05\crossBrowser.xml

15:54:31.994 [main] INFO  testCases.TC_001_AccountRegistrationTest - ****** Starting TC_001_AccountRegistrationTest ****** 
15:54:32.338 [main] INFO  testCases.TC_001_AccountRegistrationTest - Clicked on MyAccount Link 
15:54:33.393 [main] INFO  testCases.TC_001_AccountRegistrationTest - Clicked on Register Link 
15:54:33.412 [main] INFO  testCases.TC_001_AccountRegistrationTest - Providing Customer Details... 
15:54:35.962 [main] INFO  testCases.TC_001_AccountRegistrationTest - Validating expected Message... 
15:54:36.118 [main] INFO  testCases.TC_001_AccountRegistrationTest - ****** Finished TC_001_AccountRegistrationTest ******* 
15:54:51.463 [main] INFO  testCases.TC_001_AccountRegistrationTest - ****** Starting TC_001_AccountRegistrationTest ****** 
15:54:51.984 [main] INFO  testCases.TC_001_AccountRegistrationTest - Clicked on MyAccount Link 
15:54:53.086 [main] INFO  testCases.TC_001_AccountRegistrationTest - Clicked on Register Link 
15:54:53.089 [main] INFO  testCases.TC_001_AccountRegistrationTest - Providing Customer Details... 
15:54:56.384 [main] INFO  testCases.TC_001_AccountRegistrationTest - Validating expected Message... 
15:54:56.534 [main] INFO  testCases.TC_001_AccountRegistrationTest - ****** Finished TC_001_AccountRegistrationTest ******* 
