12:50:58.383 [main] INFO  testCases.TC_003_LoginDataDrivenTest - ***** Finished  LoginDataDrivenTest ******* 
12:50:58.397 [main] INFO  testCases.TC_003_LoginDataDrivenTest - ***** Start LoginDataDrivenTest ******* 
12:52:33.965 [main] DEBUG org.testng.TestNG - suiteXmlPath: "G:\VikashAutomation\OpenCart05\master.xml"
12:52:46.201 [main] INFO  testCases.TC_001_AccountRegistrationTest - ****** Starting TC_001_AccountRegistrationTest ****** 
12:52:47.551 [main] INFO  testCases.TC_001_AccountRegistrationTest - Clicked on MyAccount Link 
12:52:48.847 [main] INFO  testCases.TC_001_AccountRegistrationTest - Clicked on Register Link 
12:52:48.868 [main] INFO  testCases.TC_001_AccountRegistrationTest - Providing Customer Details... 
12:52:52.225 [main] INFO  testCases.TC_001_AccountRegistrationTest - Validating expected Message... 
12:52:52.344 [main] INFO  testCases.TC_001_AccountRegistrationTest - ****** Finished TC_001_AccountRegistrationTest ******* 
12:53:03.161 [main] INFO  testCases.TC_002_LoginTest - ***** Starting TC_002_LoginTest *****
12:53:05.944 [main] INFO  testCases.TC_002_LoginTest - ***** TC_002_Login is Finished ****** 
13:37:45.990 [main] DEBUG org.testng.TestNG - suiteXmlPath: "G:\VikashAutomation\OpenCart05\master.xml"
13:38:08.849 [main] INFO  testCases.TC_001_AccountRegistrationTest - ****** Starting TC_001_AccountRegistrationTest ****** 
13:38:10.675 [main] INFO  testCases.TC_001_AccountRegistrationTest - Clicked on MyAccount Link 
13:38:11.598 [main] INFO  testCases.TC_001_AccountRegistrationTest - Clicked on Register Link 
13:38:11.647 [main] INFO  testCases.TC_001_AccountRegistrationTest - Providing Customer Details... 
13:38:14.922 [main] INFO  testCases.TC_001_AccountRegistrationTest - Validating expected Message... 
13:38:15.198 [main] INFO  testCases.TC_001_AccountRegistrationTest - ****** Finished TC_001_AccountRegistrationTest ******* 
13:38:26.468 [main] INFO  testCases.TC_002_LoginTest - ***** Starting TC_002_LoginTest *****
13:38:33.433 [main] INFO  testCases.TC_002_LoginTest - ***** TC_002_Login is Finished ****** 
13:43:55.322 [main] DEBUG org.testng.TestNG - suiteXmlPath: "G:\VikashAutomation\OpenCart05\master.xml"
13:44:07.368 [main] INFO  testCases.TC_001_AccountRegistrationTest - ****** Starting TC_001_AccountRegistrationTest ****** 
13:44:08.932 [main] INFO  testCases.TC_001_AccountRegistrationTest - Clicked on MyAccount Link 
13:44:09.933 [main] INFO  testCases.TC_001_AccountRegistrationTest - Clicked on Register Link 
13:44:09.941 [main] INFO  testCases.TC_001_AccountRegistrationTest - Providing Customer Details... 
13:44:13.024 [main] INFO  testCases.TC_001_AccountRegistrationTest - Validating expected Message... 
13:44:13.131 [main] INFO  testCases.TC_001_AccountRegistrationTest - ****** Finished TC_001_AccountRegistrationTest ******* 
13:44:24.488 [main] INFO  testCases.TC_002_LoginTest - ***** Starting TC_002_LoginTest *****
13:44:27.582 [main] INFO  testCases.TC_002_LoginTest - ***** TC_002_Login is Finished ****** 
13:48:26.014 [main] DEBUG org.testng.TestNG - suiteXmlPath: "G:\VikashAutomation\OpenCart05\master.xml"
13:48:38.939 [main] INFO  testCases.TC_001_AccountRegistrationTest - ****** Starting TC_001_AccountRegistrationTest ****** 
13:48:39.379 [main] INFO  testCases.TC_001_AccountRegistrationTest - Clicked on MyAccount Link 
13:48:40.340 [main] INFO  testCases.TC_001_AccountRegistrationTest - Clicked on Register Link 
13:48:40.350 [main] INFO  testCases.TC_001_AccountRegistrationTest - Providing Customer Details... 
13:48:42.982 [main] INFO  testCases.TC_001_AccountRegistrationTest - Validating expected Message... 
13:48:43.086 [main] INFO  testCases.TC_001_AccountRegistrationTest - ****** Finished TC_001_AccountRegistrationTest ******* 
13:48:51.661 [main] INFO  testCases.TC_002_LoginTest - ***** Starting TC_002_LoginTest *****
13:48:54.075 [main] INFO  testCases.TC_002_LoginTest - ***** TC_002_Login is Finished ****** 
